<?xml version="1.0" encoding="UTF-8"?>
<!-- Generated by org.testng.reporters.JUnitReportReporter -->
<testsuite hostname="DESKTOP-78LMM9H" failures="0" tests="1" name="Learning.Finalwork" time="3.400" errors="0" timestamp="2022-10-02T00:05:03 IST" skipped="0">
  <testcase classname="Learning.Finalwork" name="goods" time="3.400"/>
  <system-out/>
</testsuite> <!-- Learning.Finalwork -->
